RXSDK/RXSDK-Android/rxsdk_feedback_ui/build/intermediates/manifest_merge_blame_file/release/manifest-merger-blame-release-report.txt
1<?xml version="1.0" encoding="utf-8"?>
2<manifest xmlns:android="http://schemas.android.com/apk/res/android"
3    xmlns:tools="http://schemas.android.com/tools"
4    package="com.ruixue.feedbackui" >
5
6    <uses-sdk android:minSdkVersion="21" />
6-->src/main/AndroidManifest.xml
7
8    <uses-permission android:name="android.permission.INTERNET" />
8-->src/main/AndroidManifest.xml:6:5-67
8-->src/main/AndroidManifest.xml:6:22-64
9    <uses-permission android:name="android.permission.ACCESS_WIFI_STATE" />
9-->src/main/AndroidManifest.xml:7:5-76
9-->src/main/AndroidManifest.xml:7:22-73
10    <uses-permission android:name="android.permission.ACCESS_NETWORK_STATE" />
10-->src/main/AndroidManifest.xml:8:5-79
10-->src/main/AndroidManifest.xml:8:22-76
11    <uses-permission android:name="android.permission.READ_MEDIA_IMAGES" />
11-->src/main/AndroidManifest.xml:9:5-76
11-->src/main/AndroidManifest.xml:9:22-73
12    <uses-permission android:name="android.permission.READ_MEDIA_VIDEO" />
12-->src/main/AndroidManifest.xml:10:5-75
12-->src/main/AndroidManifest.xml:10:22-72
13    <uses-permission android:name="android.permission.READ_EXTERNAL_STORAGE" />
13-->src/main/AndroidManifest.xml:11:5-80
13-->src/main/AndroidManifest.xml:11:22-77
14    <uses-permission android:name="android.permission.WRITE_EXTERNAL_STORAGE" />
14-->src/main/AndroidManifest.xml:12:5-81
14-->src/main/AndroidManifest.xml:12:22-78
15    <uses-permission android:name="android.permission.READ_MEDIA_VISUAL_USER_SELECTED" />
15-->src/main/AndroidManifest.xml:13:5-90
15-->src/main/AndroidManifest.xml:13:22-87
16
17    <application>
17-->src/main/AndroidManifest.xml:15:5-29:19
18        <activity
18-->src/main/AndroidManifest.xml:16:9-20:40
19            android:name="com.ruixue.feedbackui.activity.PreviewActivity"
19-->src/main/AndroidManifest.xml:17:13-74
20            android:exported="false"
20-->src/main/AndroidManifest.xml:20:13-37
21            android:screenOrientation="sensor"
21-->src/main/AndroidManifest.xml:19:13-47
22            android:theme="@style/Theme.AppCompat.NoActionBar" />
22-->src/main/AndroidManifest.xml:18:13-63
23        <activity
23-->src/main/AndroidManifest.xml:22:9-27:66
24            android:name="com.luck.picture.lib.basic.PictureSelectorSupporterActivity"
24-->src/main/AndroidManifest.xml:23:13-87
25            android:configChanges="orientation|keyboardHidden|screenSize"
25-->src/main/AndroidManifest.xml:25:13-74
26            android:screenOrientation="sensor"
26-->src/main/AndroidManifest.xml:26:13-47
27            android:theme="@style/Theme.AppCompat.NoActionBar"
27-->src/main/AndroidManifest.xml:27:13-63
28            tools:replace="android:theme" />
28-->src/main/AndroidManifest.xml:24:13-42
29    </application>
30
31</manifest>